Time resolution is 1 ps
UART TX Data: 00000000
UART TX Data: 00000001
UART TX Data: 00000010
UART TX Data: 00000011
UART TX Data: 00000100
UART TX Data: 00000101
UART TX Data: 00000110
UART TX Data: 00000111
UART TX Data: 00001000
UART TX Data: 00001001
UART TX Data: 00001010
UART TX Data: 00001011
UART TX Data: 00001100
UART TX Data: 00001101
UART TX Data: 00001110
UART TX Data: 00001111
UART TX Data: 00010000
UART TX Data: 00010001
UART TX Data: 00010010
UART TX Data: 00010011
UART TX Data: 00010100
UART TX Data: 00010101
UART TX Data: 00010110
UART TX Data: 00010111
UART TX Data: 00011000
UART TX Data: 00011001
UART TX Data: 00011010
UART TX Data: 00011011
UART TX Data: 00011100
UART TX Data: 00011101
UART TX Data: 00011110
UART TX Data: 00011111
UART TX Data: 00100000
UART TX Data: 00100001
UART TX Data: 00100010
UART TX Data: 00100011
UART TX Data: 00100100
UART TX Data: 00100101
UART TX Data: 00100110
UART TX Data: 00100111
UART TX Data: 00101000
UART TX Data: 00101001
UART TX Data: 00101010
UART TX Data: 00101011
UART TX Data: 00101100
UART TX Data: 00101101
UART TX Data: 00101110
UART TX Data: 00101111
UART TX Data: 00110000
UART TX Data: 00110001
UART TX Data: 00110010
UART TX Data: 00110011
UART TX Data: 00110100
UART TX Data: 00110101
UART TX Data: 00110110
UART TX Data: 00110111
UART TX Data: 00111000
UART TX Data: 00111001
UART TX Data: 00111010
UART TX Data: 00111011
UART TX Data: 00111100
UART TX Data: 00111101
UART TX Data: 00111110
UART TX Data: 00111111
UART TX Data: 01000000
UART TX Data: 01000001
UART TX Data: 01000010
UART TX Data: 01000011
UART TX Data: 01000100
UART TX Data: 01000101
UART TX Data: 01000110
UART TX Data: 01000111
UART TX Data: 01001000
UART TX Data: 01001001
UART TX Data: 01001010
UART TX Data: 01001011
UART TX Data: 01001100
UART TX Data: 01001101
UART TX Data: 01001110
UART TX Data: 01001111
UART TX Data: 01010000
UART TX Data: 01010001
UART TX Data: 01010010
UART TX Data: 01010011
UART TX Data: 01010100
UART TX Data: 01010101
UART TX Data: 01010110
UART TX Data: 01010111
UART TX Data: 01011000
UART TX Data: 01011001
UART TX Data: 01011010
UART TX Data: 01011011
UART TX Data: 01011100
UART TX Data: 01011101
UART TX Data: 01011110
UART TX Data: 01011111
UART TX Data: 01100000
UART TX Data: 01100001
UART TX Data: 01100010
UART TX Data: 01100011
UART TX Data: 01100100
UART TX Data: 01100101
UART TX Data: 01100110
UART TX Data: 01100111
UART TX Data: 01101000
UART TX Data: 01101001
UART TX Data: 01101010
UART TX Data: 01101011
UART TX Data: 01101100
UART TX Data: 01101101
UART TX Data: 01101110
UART TX Data: 01101111
UART TX Data: 01110000
UART TX Data: 01110001
UART TX Data: 01110010
UART TX Data: 01110011
UART TX Data: 01110100
UART TX Data: 01110101
UART TX Data: 01110110
UART TX Data: 01110111
UART TX Data: 01111000
UART TX Data: 01111001
UART TX Data: 01111010
UART TX Data: 01111011
UART TX Data: 01111100
UART TX Data: 01111101
UART TX Data: 01111110
UART TX Data: 01111111
UART TX Data: 10000000
UART TX Data: 10000001
UART TX Data: 10000010
UART TX Data: 10000011
UART TX Data: 10000100
UART TX Data: 10000101
UART TX Data: 10000110
UART TX Data: 10000111
UART TX Data: 10001000
UART TX Data: 10001001
UART TX Data: 10001010
UART TX Data: 10001011
UART TX Data: 10001100
UART TX Data: 10001101
UART TX Data: 10001110
UART TX Data: 10001111
UART TX Data: 10010000
UART TX Data: 10010001
UART TX Data: 10010010
UART TX Data: 10010011
UART TX Data: 10010100
UART TX Data: 10010101
UART TX Data: 10010110
UART TX Data: 10010111
UART TX Data: 10011000
UART TX Data: 10011001
UART TX Data: 10011010
UART TX Data: 10011011
UART TX Data: 10011100
UART TX Data: 10011101
UART TX Data: 10011110
UART TX Data: 10011111
UART TX Data: 10100000
UART TX Data: 10100001
UART TX Data: 10100010
UART TX Data: 10100011
UART TX Data: 10100100
UART TX Data: 10100101
UART TX Data: 10100110
UART TX Data: 10100111
UART TX Data: 10101000
UART TX Data: 10101001
UART TX Data: 10101010
UART TX Data: 10101011
UART TX Data: 10101100
UART TX Data: 10101101
UART TX Data: 10101110
UART TX Data: 10101111
UART TX Data: 10110000
UART TX Data: 10110001
UART TX Data: 10110010
UART TX Data: 10110011
UART TX Data: 10110100
UART TX Data: 10110101
UART TX Data: 10110110
UART TX Data: 10110111
UART TX Data: 10111000
UART TX Data: 10111001
UART TX Data: 10111010
UART TX Data: 10111011
UART TX Data: 10111100
UART TX Data: 10111101
UART TX Data: 10111110
UART TX Data: 10111111
UART TX Data: 11000000
UART TX Data: 11000001
UART TX Data: 11000010
UART TX Data: 11000011
UART TX Data: 11000100
UART TX Data: 11000101
UART TX Data: 11000110
UART TX Data: 11000111
UART TX Data: 11001000
UART TX Data: 11001001
UART TX Data: 11001010
UART TX Data: 11001011
UART TX Data: 11001100
UART TX Data: 11001101
UART TX Data: 11001110
UART TX Data: 11001111
--------------------
Printing Integer Register Contents: 
reg_file [0] = 208
reg_file [1] = 1
reg_file [2] = 255
reg_file [3] = 0
reg_file [4] = 0
reg_file [5] = 0
reg_file [6] = 0
reg_file [7] = 0
--------------------
Printing RNS Domain Register Contents: 
Index | D256 Bin | D129 Bin
0	| 00000000 | 00000000
1	| 00000000 | 00000000
2	| 00000000 | 00000000
3	| 00000000 | 00000000
4	| 00000000 | 00000000
5	| 00000000 | 00000000
6	| 00000000 | 00000000
7	| 00000000 | 00000000
$stop called at time : 25050 ns : File "C:/code-projs/CIS4900/8-bit-RISC-RNS/tb_rns.v" Line 137
